Determining if the pthread_create exist failed with the following output:
Change Dir: /home/dulluhan/Desktop/ROS_GPS/build/CMakeFiles/CMakeTmp

Run Build Command:/usr/bin/make "cmTryCompileExec3373144889/fast"
/usr/bin/make -f CMakeFiles/cmTryCompileExec3373144889.dir/build.make CMakeFiles/cmTryCompileExec3373144889.dir/build
make[1]: Entering directory `/home/dulluhan/Desktop/ROS_GPS/build/CMakeFiles/CMakeTmp'
/usr/bin/cmake -E cmake_progress_report /home/dulluhan/Desktop/ROS_GPS/build/CMakeFiles/CMakeTmp/CMakeFiles 1
Building C object CMakeFiles/cmTryCompileExec3373144889.dir/CheckSymbolExists.c.o
/usr/bin/cc    -o CMakeFiles/cmTryCompileExec3373144889.dir/CheckSymbolExists.c.o   -c /home/dulluhan/Desktop/ROS_GPS/build/CMakeFiles/CMakeTmp/CheckSymbolExists.c
Linking C executable cmTryCompileExec3373144889
/usr/bin/cmake -E cmake_link_script CMakeFiles/cmTryCompileExec3373144889.dir/link.txt --verbose=1
/usr/bin/cc       CMakeFiles/cmTryCompileExec3373144889.dir/CheckSymbolExists.c.o  -o cmTryCompileExec3373144889 -rdynamic 
CMakeFiles/cmTryCompileExec3373144889.dir/CheckSymbolExists.c.o: In function `main':
CheckSymbolExists.c:(.text+0xa): undefined reference to `pthread_create'
collect2: error: ld returned 1 exit status
make[1]: *** [cmTryCompileExec3373144889] Error 1
make[1]: Leaving directory `/home/dulluhan/Desktop/ROS_GPS/build/CMakeFiles/CMakeTmp'
make: *** [cmTryCompileExec3373144889/fast] Error 2

File /home/dulluhan/Desktop/ROS_GPS/build/CMakeFiles/CMakeTmp/CheckSymbolExists.c:
/* */
#include <pthread.h>

int main(int argc, char** argv)
{
  (void)argv;
#ifndef pthread_create
  return ((int*)(&pthread_create))[argc];
#else
  (void)argc;
  return 0;
#endif
}

Determining if the function pthread_create exists in the pthreads failed with the following output:
Change Dir: /home/dulluhan/Desktop/ROS_GPS/build/CMakeFiles/CMakeTmp

Run Build Command:/usr/bin/make "cmTryCompileExec301973391/fast"
/usr/bin/make -f CMakeFiles/cmTryCompileExec301973391.dir/build.make CMakeFiles/cmTryCompileExec301973391.dir/build
make[1]: Entering directory `/home/dulluhan/Desktop/ROS_GPS/build/CMakeFiles/CMakeTmp'
/usr/bin/cmake -E cmake_progress_report /home/dulluhan/Desktop/ROS_GPS/build/CMakeFiles/CMakeTmp/CMakeFiles 1
Building C object CMakeFiles/cmTryCompileExec301973391.dir/CheckFunctionExists.c.o
/usr/bin/cc   -DCHECK_FUNCTION_EXISTS=pthread_create   -o CMakeFiles/cmTryCompileExec301973391.dir/CheckFunctionExists.c.o   -c /usr/share/cmake-2.8/Modules/CheckFunctionExists.c
Linking C executable cmTryCompileExec301973391
/usr/bin/cmake -E cmake_link_script CMakeFiles/cmTryCompileExec301973391.dir/link.txt --verbose=1
/usr/bin/cc   -DCHECK_FUNCTION_EXISTS=pthread_create    CMakeFiles/cmTryCompileExec301973391.dir/CheckFunctionExists.c.o  -o cmTryCompileExec301973391 -rdynamic -lpthreads 
/usr/bin/ld: cannot find -lpthreads
collect2: error: ld returned 1 exit status
make[1]: *** [cmTryCompileExec301973391] Error 1
make[1]: Leaving directory `/home/dulluhan/Desktop/ROS_GPS/build/CMakeFiles/CMakeTmp'
make: *** [cmTryCompileExec301973391/fast] Error 2


